<?xml version="1.0" encoding="UTF-8"?>
<!-- Generated by org.testng.reporters.JUnitReportReporter -->
<testsuite skipped="0" hostname="ip-172-31-95-215" name="test.AfterLoginTest" tests="1" failures="0" timestamp="22 Dec 2021 15:58:43 GMT" time="4.954" errors="0">
  <testcase name="afterLogin" time="4.954" classname="test.AfterLoginTest"/>
</testsuite> <!-- test.AfterLoginTest -->
